<?xml version="1.0" encoding="UTF-8"?>
<!-- Generated by org.testng.reporters.JUnitReportReporter -->
<testsuite skipped="0" hostname="DELL" name="com.orangehrm.qa.tests.EmergencyContactsDDtest" tests="2" failures="0" timestamp="29 Nov 2020 15:16:47 GMT" time="7.200" errors="0">
  <testcase name="addEmergencycontacts" time="3.478" classname="com.orangehrm.qa.tests.EmergencyContactsDDtest"/>
  <testcase name="addEmergencycontacts" time="3.722" classname="com.orangehrm.qa.tests.EmergencyContactsDDtest"/>
</testsuite> <!-- com.orangehrm.qa.tests.EmergencyContactsDDtest -->
