<?xml version="1.0" encoding="UTF-8"?>
<!-- Generated by org.testng.reporters.JUnitReportReporter -->
<testsuite skipped="0" hostname="DELL" name="com.orangehrm.qa.tests.MyInfo_PhotographTest" tests="2" failures="0" timestamp="28 Nov 2020 03:52:09 GMT" time="82.376" errors="0">
  <testcase name="uploadphotounder1mb" time="21.769" classname="com.orangehrm.qa.tests.MyInfo_PhotographTest"/>
  <testcase name="uploadphotoover1mb" time="60.607" classname="com.orangehrm.qa.tests.MyInfo_PhotographTest"/>
</testsuite> <!-- com.orangehrm.qa.tests.MyInfo_PhotographTest -->
