<?xml version="1.0" encoding="UTF-8"?>
<!-- Generated by org.testng.reporters.JUnitReportReporter -->
<testsuite skipped="0" hostname="DELL" name="com.orangehrm.qa.tests.LoginPageDD_withDP" tests="4" failures="0" timestamp="27 Nov 2020 15:21:46 GMT" time="54.240" errors="0">
  <testcase name="verifyLoginIdPasswords" time="16.337" classname="com.orangehrm.qa.tests.LoginPageDD_withDP"/>
  <testcase name="verifyLoginIdPasswords" time="12.571" classname="com.orangehrm.qa.tests.LoginPageDD_withDP"/>
  <testcase name="verifyLoginIdPasswords" time="12.951" classname="com.orangehrm.qa.tests.LoginPageDD_withDP"/>
  <testcase name="verifyLoginIdPasswords" time="12.381" classname="com.orangehrm.qa.tests.LoginPageDD_withDP"/>
</testsuite> <!-- com.orangehrm.qa.tests.LoginPageDD_withDP -->
