<?xml version="1.0" encoding="UTF-8"?>
<!-- Generated by org.testng.reporters.JUnitReportReporter -->
<testsuite skipped="0" hostname="DELL" name="com.orangehrm.qa.tests.Emergency_contactsDDtest" tests="2" failures="0" timestamp="23 Nov 2020 16:48:46 GMT" time="59.183" errors="0">
  <testcase name="addEmergencycontacts" time="34.216" classname="com.orangehrm.qa.tests.Emergency_contactsDDtest"/>
  <testcase name="addEmergencycontacts" time="24.967" classname="com.orangehrm.qa.tests.Emergency_contactsDDtest"/>
</testsuite> <!-- com.orangehrm.qa.tests.Emergency_contactsDDtest -->
