<?xml version="1.0" encoding="UTF-8"?>
<!-- Generated by org.testng.reporters.JUnitReportReporter -->
<testsuite skipped="0" hostname="DELL" name="com.orangehrm.qa.tests.LoginPageTests" tests="5" failures="0" timestamp="28 Nov 2020 03:52:09 GMT" time="57.345" errors="0">
  <testcase name="loginPageTitleTest" time="9.088" classname="com.orangehrm.qa.tests.LoginPageTests"/>
  <testcase name="OHRMlogoImageTest" time="8.979" classname="com.orangehrm.qa.tests.LoginPageTests"/>
  <testcase name="loginTest" time="15.924" classname="com.orangehrm.qa.tests.LoginPageTests"/>
  <testcase name="validate_Forgotpasswordlink" time="10.334" classname="com.orangehrm.qa.tests.LoginPageTests"/>
  <testcase name="validate_invalidpwdmsg" time="13.020" classname="com.orangehrm.qa.tests.LoginPageTests"/>
</testsuite> <!-- com.orangehrm.qa.tests.LoginPageTests -->
