<?xml version="1.0" encoding="UTF-8"?>
<!-- Generated by org.testng.reporters.JUnitReportReporter -->
<testsuite skipped="0" hostname="DELL" name="com.orangehrm.qa.tests.EmergencyContactsDDtest" tests="2" failures="0" timestamp="28 Nov 2020 03:52:09 GMT" time="9.990" errors="0">
  <testcase name="addEmergencycontacts" time="4.212" classname="com.orangehrm.qa.tests.EmergencyContactsDDtest"/>
  <testcase name="addEmergencycontacts" time="5.778" classname="com.orangehrm.qa.tests.EmergencyContactsDDtest"/>
</testsuite> <!-- com.orangehrm.qa.tests.EmergencyContactsDDtest -->
