<?xml version="1.0" encoding="UTF-8"?>
<!-- Generated by org.testng.reporters.JUnitReportReporter -->
<testsuite skipped="0" hostname="DELL" name="com.orangehrm.qa.tests.LoginPageDDtest" tests="4" failures="0" timestamp="28 Nov 2020 03:52:09 GMT" time="59.095" errors="0">
  <testcase name="verifyLoginIdPasswords" time="17.142" classname="com.orangehrm.qa.tests.LoginPageDDtest"/>
  <testcase name="verifyLoginIdPasswords" time="17.968" classname="com.orangehrm.qa.tests.LoginPageDDtest"/>
  <testcase name="verifyLoginIdPasswords" time="11.723" classname="com.orangehrm.qa.tests.LoginPageDDtest"/>
  <testcase name="verifyLoginIdPasswords" time="12.262" classname="com.orangehrm.qa.tests.LoginPageDDtest"/>
</testsuite> <!-- com.orangehrm.qa.tests.LoginPageDDtest -->
