<?xml version="1.0" encoding="UTF-8"?>
<!-- Generated by org.testng.reporters.JUnitReportReporter -->
<testsuite skipped="0" hostname="DELL" name="com.orangehrm.qa.tests.HomePage_MyinfoDatadrivenTest" tests="1" failures="0" timestamp="26 Nov 2020 16:55:17 GMT" time="89.044" errors="0">
  <testcase name="myinfodetailschecktest" time="89.044" classname="com.orangehrm.qa.tests.HomePage_MyinfoDatadrivenTest"/>
</testsuite> <!-- com.orangehrm.qa.tests.HomePage_MyinfoDatadrivenTest -->
