<?xml version="1.0" encoding="UTF-8"?>
<!-- Generated by org.testng.reporters.JUnitReportReporter -->
<testsuite skipped="0" hostname="DELL" name="com.orangehrm.qa.tests.Emergency_contactsDDtest_withDataProvider" tests="2" failures="0" timestamp="27 Nov 2020 05:32:43 GMT" time="7.570" errors="0">
  <testcase name="addEmergencycontacts" time="3.966" classname="com.orangehrm.qa.tests.Emergency_contactsDDtest_withDataProvider"/>
  <testcase name="addEmergencycontacts" time="3.604" classname="com.orangehrm.qa.tests.Emergency_contactsDDtest_withDataProvider"/>
</testsuite> <!-- com.orangehrm.qa.tests.Emergency_contactsDDtest_withDataProvider -->
