<?xml version="1.0" encoding="UTF-8"?>
<!-- Generated by org.testng.reporters.JUnitReportReporter -->
<testsuite skipped="0" hostname="DELL" name="com.orangehrm.qa.tests.EmergencyContactsDDtest" tests="2" failures="0" timestamp="29 Nov 2020 16:06:33 GMT" time="6.928" errors="0">
  <testcase name="addEmergencycontacts" time="3.545" classname="com.orangehrm.qa.tests.EmergencyContactsDDtest"/>
  <testcase name="addEmergencycontacts" time="3.383" classname="com.orangehrm.qa.tests.EmergencyContactsDDtest"/>
</testsuite> <!-- com.orangehrm.qa.tests.EmergencyContactsDDtest -->
