<?xml version="1.0" encoding="UTF-8"?>
<!-- Generated by org.testng.reporters.JUnitReportReporter -->
<testsuite skipped="0" hostname="DELL" name="com.orangehrm.qa.tests.LoginPageTests" tests="5" failures="0" timestamp="28 Nov 2020 06:01:36 GMT" time="75.412" errors="0">
  <testcase name="loginPageTitleTest" time="10.571" classname="com.orangehrm.qa.tests.LoginPageTests"/>
  <testcase name="OHRMlogoImageTest" time="10.593" classname="com.orangehrm.qa.tests.LoginPageTests"/>
  <testcase name="loginTest" time="24.835" classname="com.orangehrm.qa.tests.LoginPageTests"/>
  <testcase name="validate_Forgotpasswordlink" time="12.492" classname="com.orangehrm.qa.tests.LoginPageTests"/>
  <testcase name="validate_invalidpwdmsg" time="16.921" classname="com.orangehrm.qa.tests.LoginPageTests"/>
</testsuite> <!-- com.orangehrm.qa.tests.LoginPageTests -->
