<?xml version="1.0" encoding="UTF-8"?>
<!-- Generated by org.testng.reporters.JUnitReportReporter -->
<testsuite skipped="0" hostname="DELL" name="com.orangehrm.qa.tests.LoginPageDDtest" tests="4" failures="0" timestamp="28 Nov 2020 06:01:36 GMT" time="66.163" errors="0">
  <testcase name="verifyLoginIdPasswords" time="18.336" classname="com.orangehrm.qa.tests.LoginPageDDtest"/>
  <testcase name="verifyLoginIdPasswords" time="16.936" classname="com.orangehrm.qa.tests.LoginPageDDtest"/>
  <testcase name="verifyLoginIdPasswords" time="12.520" classname="com.orangehrm.qa.tests.LoginPageDDtest"/>
  <testcase name="verifyLoginIdPasswords" time="18.371" classname="com.orangehrm.qa.tests.LoginPageDDtest"/>
</testsuite> <!-- com.orangehrm.qa.tests.LoginPageDDtest -->
